#
# A fatal error has been detected by the Java Runtime Environment:
#
#  Internal Error (block.cpp:141), pid=21708, tid=9156
#  Error: ShouldNotReachHere()
#
# JRE version: OpenJDK Runtime Environment Temurin-21.0.10+7 (21.0.10+7) (build 21.0.10+7-LTS)
# Java VM: OpenJDK 64-Bit Server VM Temurin-21.0.10+7 (21.0.10+7-LTS, mixed mode, sharing, tiered, compressed oops, compressed class ptrs, parallel gc, windows-amd64)
# No core dump will be written. Minidumps are not enabled by default on client versions of Windows
#
# If you would like to submit a bug report, please visit:
#   https://github.com/adoptium/adoptium-support/issues
#

---------------  S U M M A R Y ------------

Command Line: --add-modules=ALL-SYSTEM --add-opens=java.base/java.util=ALL-UNNAMED --add-opens=java.base/java.lang=ALL-UNNAMED --add-opens=java.base/sun.nio.fs=ALL-UNNAMED -Declipse.application=org.eclipse.jdt.ls.core.id1 -Dosgi.bundles.defaultStartLevel=4 -Declipse.product=org.eclipse.jdt.ls.core.product -Djava.import.generatesMetadataFilesAtProjectRoot=false -DDetectVMInstallationsJob.disabled=true -Dfile.encoding=utf8 -XX:+UseParallelGC -XX:GCTimeRatio=4 -XX:AdaptiveSizePolicyWeight=90 -Dsun.zip.disableMemoryMapping=true -Xmx2G -Xms100m -Xlog:disable -javaagent:c:\Users\ŕäěłí\.vscode\extensions\redhat.java-1.53.0-win32-x64\lombok\lombok-1.18.39-4050.jar -XX:+HeapDumpOnOutOfMemoryError -XX:HeapDumpPath=c:\Users\ŕäěłí\AppData\Roaming\Code\User\workspaceStorage\c2a74ca64570709d1ed0f6f8fec7687a\redhat.java -Daether.dependencyCollector.impl=bf c:\Users\ŕäěłí\.vscode\extensions\redhat.java-1.53.0-win32-x64\server\plugins\org.eclipse.equinox.launcher_1.7.100.v20251111-0406.jar -configuration c:\Users\ŕäěłí\AppData\Roaming\Code\User\globalStorage\redhat.java\1.53.0\config_win -data c:\Users\ŕäěłí\AppData\Roaming\Code\User\workspaceStorage\c2a74ca64570709d1ed0f6f8fec7687a\redhat.java\jdt_ws --pipe=\\.\pipe\lsp-4392ca4a3b44788aac4bb0b00b3033a9-sock

Host: AMD Ryzen 5 3600 6-Core Processor              , 12 cores, 15G,  Windows 10 , 64 bit Build 19041 (10.0.19041.5915)
Time: Thu Mar 26 22:50:56 2026 elapsed time: 3.018805 seconds (0d 0h 0m 3s)

---------------  T H R E A D  ---------------

Current thread (0x0000028686cae360):  JavaThread "C2 CompilerThread1" daemon [_thread_in_native, id=9156, stack(0x000000f817d00000,0x000000f817e00000) (1024K)]


Current CompileTask:
C2:3018 4403       4       org.eclipse.osgi.internal.loader.ModuleClassLoader::toString (80 bytes)

Stack: [0x000000f817d00000,0x000000f817e00000]
Native frames: (J=compiled Java code, j=interpreted, Vv=VM code, C=native code)
V  [jvm.dll+0x6d7a39]
V  [jvm.dll+0x8b4b26]
V  [jvm.dll+0x8b70de]
V  [jvm.dll+0x8b7777]
V  [jvm.dll+0x2842c7]
V  [jvm.dll+0x2842ec]
V  [jvm.dll+0x284240]
V  [jvm.dll+0x143946]
V  [jvm.dll+0x7046f9]
V  [jvm.dll+0x704140]
V  [jvm.dll+0x1e403a]
V  [jvm.dll+0x24c6b3]
V  [jvm.dll+0x24bb40]
V  [jvm.dll+0x1cb34e]
V  [jvm.dll+0x25b85d]
V  [jvm.dll+0x259dea]
V  [jvm.dll+0x3f857e]
V  [jvm.dll+0x85f59d]
V  [jvm.dll+0x6d626d]
C  [ucrtbase.dll+0x21bb2]
C  [KERNEL32.DLL+0x17374]
C  [ntdll.dll+0x4cc91]


---------------  P R O C E S S  ---------------

Threads class SMR info:
_java_thread_list=0x000002868e674cd0, length=40, elements={
0x000002862d0c1920, 0x000002862d18e7c0, 0x0000028643b720e0, 0x0000028643b73000,
0x0000028643b74910, 0x0000028643b766e0, 0x0000028643b793d0, 0x0000028643b7a210,
0x0000028686ae2c60, 0x0000028686cae360, 0x0000028686cc7240, 0x0000028686e06bd0,
0x000002868e2ce8f0, 0x000002868f3f5010, 0x000002868e9283e0, 0x000002868e8ab7e0,
0x000002868e8ac220, 0x000002868ebb1710, 0x000002868f47d760, 0x000002868f4dc890,
0x000002868f49c400, 0x000002868f49d7b0, 0x000002868f49ca90, 0x000002868f49d120,
0x000002868f2c6a40, 0x000002868f2c9ec0, 0x000002868f2c8b10, 0x000002868f2c70d0,
0x000002868f2c7760, 0x000002868f2c7df0, 0x000002868f2c5690, 0x000002868f2ca550,
0x000002868f2c8480, 0x000002868f2c63b0, 0x000002868f2c91a0, 0x000002868f2c9830,
0x000002868f2cabe0, 0x000002868f2c5000, 0x000002868f2c3c50, 0x000002868f2cb270
}

Java Threads: ( => current thread )
  0x000002862d0c1920 JavaThread "main"                              [_thread_in_vm, id=11428, stack(0x000000f817100000,0x000000f817200000) (1024K)]
  0x000002862d18e7c0 JavaThread "Reference Handler"          daemon [_thread_blocked, id=16176, stack(0x000000f817500000,0x000000f817600000) (1024K)]
  0x0000028643b720e0 JavaThread "Finalizer"                  daemon [_thread_blocked, id=19176, stack(0x000000f817600000,0x000000f817700000) (1024K)]
  0x0000028643b73000 JavaThread "Signal Dispatcher"          daemon [_thread_blocked, id=2764, stack(0x000000f817700000,0x000000f817800000) (1024K)]
  0x0000028643b74910 JavaThread "Attach Listener"            daemon [_thread_blocked, id=10688, stack(0x000000f817800000,0x000000f817900000) (1024K)]
  0x0000028643b766e0 JavaThread "Service Thread"             daemon [_thread_blocked, id=21892, stack(0x000000f817900000,0x000000f817a00000) (1024K)]
  0x0000028643b793d0 JavaThread "Monitor Deflation Thread"   daemon [_thread_blocked, id=2112, stack(0x000000f817a00000,0x000000f817b00000) (1024K)]
  0x0000028643b7a210 JavaThread "C2 CompilerThread0"         daemon [_thread_in_native, id=4920, stack(0x000000f817b00000,0x000000f817c00000) (1024K)]
  0x0000028686ae2c60 JavaThread "C1 CompilerThread0"         daemon [_thread_in_native, id=3360, stack(0x000000f817c00000,0x000000f817d00000) (1024K)]
=>0x0000028686cae360 JavaThread "C2 CompilerThread1"         daemon [_thread_in_native, id=9156, stack(0x000000f817d00000,0x000000f817e00000) (1024K)]
  0x0000028686cc7240 JavaThread "Common-Cleaner"             daemon [_thread_blocked, id=21116, stack(0x000000f817e00000,0x000000f817f00000) (1024K)]
  0x0000028686e06bd0 JavaThread "Notification Thread"        daemon [_thread_blocked, id=1284, stack(0x000000f817f00000,0x000000f818000000) (1024K)]
  0x000002868e2ce8f0 JavaThread "C2 CompilerThread2"         daemon [_thread_blocked, id=27064, stack(0x000000f818000000,0x000000f818100000) (1024K)]
  0x000002868f3f5010 JavaThread "Active Thread: Equinox Container: 85ec832f-19a8-406b-87d7-2888f9be64b0"        [_thread_blocked, id=18772, stack(0x000000f818700000,0x000000f818800000) (1024K)]
  0x000002868e9283e0 JavaThread "Refresh Thread: Equinox Container: 85ec832f-19a8-406b-87d7-2888f9be64b0" daemon [_thread_blocked, id=12944, stack(0x000000f818900000,0x000000f818a00000) (1024K)]
  0x000002868e8ab7e0 JavaThread "Framework Event Dispatcher: Equinox Container: 85ec832f-19a8-406b-87d7-2888f9be64b0" daemon [_thread_blocked, id=18516, stack(0x000000f818a00000,0x000000f818b00000) (1024K)]
  0x000002868e8ac220 JavaThread "Start Level: Equinox Container: 85ec832f-19a8-406b-87d7-2888f9be64b0" daemon [_thread_blocked, id=27316, stack(0x000000f818b00000,0x000000f818c00000) (1024K)]
  0x000002868ebb1710 JavaThread "Bundle File Closer"         daemon [_thread_blocked, id=11172, stack(0x000000f818e00000,0x000000f818f00000) (1024K)]
  0x000002868f47d760 JavaThread "SCR Component Actor"        daemon [_thread_blocked, id=11980, stack(0x000000f818f00000,0x000000f819000000) (1024K)]
  0x000002868f4dc890 JavaThread "Worker-JM"                         [_thread_blocked, id=15328, stack(0x000000f819000000,0x000000f819100000) (1024K)]
  0x000002868f49c400 JavaThread "JNA Cleaner"                daemon [_thread_blocked, id=15448, stack(0x000000f819100000,0x000000f819200000) (1024K)]
  0x000002868f49d7b0 JavaThread "Worker-0: Initialize After Load"        [_thread_blocked, id=13856, stack(0x000000f819200000,0x000000f819300000) (1024K)]
  0x000002868f49ca90 JavaThread "Worker-1: Repository registry initialization"        [_thread_blocked, id=18196, stack(0x000000f819300000,0x000000f819400000) (1024K)]
  0x000002868f49d120 JavaThread "Java indexing"              daemon [_thread_blocked, id=21676, stack(0x000000f819400000,0x000000f819500000) (1024K)]
  0x000002868f2c6a40 JavaThread "Worker-2"                          [_thread_blocked, id=1696, stack(0x000000f819500000,0x000000f819600000) (1024K)]
  0x000002868f2c9ec0 JavaThread "Worker-3: Updating Maven Dependencies"        [_thread_in_vm, id=18216, stack(0x000000f819600000,0x000000f819700000) (1024K)]
  0x000002868f2c8b10 JavaThread "Thread-1"                   daemon [_thread_in_native, id=21520, stack(0x000000f819700000,0x000000f819800000) (1024K)]
  0x000002868f2c70d0 JavaThread "Thread-2"                   daemon [_thread_in_native, id=19780, stack(0x000000f819800000,0x000000f819900000) (1024K)]
  0x000002868f2c7760 JavaThread "Thread-3"                   daemon [_thread_in_native, id=20396, stack(0x000000f819900000,0x000000f819a00000) (1024K)]
  0x000002868f2c7df0 JavaThread "Thread-4"                   daemon [_thread_in_native, id=16548, stack(0x000000f819a00000,0x000000f819b00000) (1024K)]
  0x000002868f2c5690 JavaThread "Thread-5"                   daemon [_thread_in_native, id=10628, stack(0x000000f819b00000,0x000000f819c00000) (1024K)]
  0x000002868f2ca550 JavaThread "Thread-6"                   daemon [_thread_in_native, id=15940, stack(0x000000f819c00000,0x000000f819d00000) (1024K)]
  0x000002868f2c8480 JavaThread "Thread-7"                   daemon [_thread_in_native, id=24468, stack(0x000000f819d00000,0x000000f819e00000) (1024K)]
  0x000002868f2c63b0 JavaThread "Thread-8"                   daemon [_thread_in_native, id=23608, stack(0x000000f819e00000,0x000000f819f00000) (1024K)]
  0x000002868f2c91a0 JavaThread "Thread-9"                   daemon [_thread_in_native, id=10480, stack(0x000000f819f00000,0x000000f81a000000) (1024K)]
  0x000002868f2c9830 JavaThread "Thread-10"                  daemon [_thread_in_native, id=26464, stack(0x000000f81a000000,0x000000f81a100000) (1024K)]
  0x000002868f2cabe0 JavaThread "Thread-11"                  daemon [_thread_in_native, id=22704, stack(0x000000f81a100000,0x000000f81a200000) (1024K)]
  0x000002868f2c5000 JavaThread "Thread-12"                  daemon [_thread_in_native, id=18068, stack(0x000000f81a200000,0x000000f81a300000) (1024K)]
  0x000002868f2c3c50 JavaThread "Thread-13"                  daemon [_thread_in_native, id=20144, stack(0x000000f81a300000,0x000000f81a400000) (1024K)]
  0x000002868f2cb270 JavaThread "pool-2-thread-1"                   [_thread_blocked, id=16864, stack(0x000000f81a400000,0x000000f81a500000) (1024K)]
Total: 40

Other Threads:
  0x000002862d180770 VMThread "VM Thread"                           [id=23804, stack(0x000000f817400000,0x000000f817500000) (1024K)]
  0x000002862d12e5b0 WatcherThread "VM Periodic Task Thread"        [id=23224, stack(0x000000f817300000,0x000000f817400000) (1024K)]
  0x000002862d0e0b40 WorkerThread "GC Thread#0"                     [id=2744, stack(0x000000f817200000,0x000000f817300000) (1024K)]
  0x000002868e187790 WorkerThread "GC Thread#1"                     [id=9008, stack(0x000000f818100000,0x000000f818200000) (1024K)]
  0x000002868e88a740 WorkerThread "GC Thread#2"                     [id=18264, stack(0x000000f818200000,0x000000f818300000) (1024K)]
  0x000002868e737870 WorkerThread "GC Thread#3"                     [id=12108, stack(0x000000f818300000,0x000000f818400000) (1024K)]
  0x000002868e738020 WorkerThread "GC Thread#4"                     [id=26416, stack(0x000000f818400000,0x000000f818500000) (1024K)]
  0x000002868e793880 WorkerThread "GC Thread#5"                     [id=4652, stack(0x000000f818500000,0x000000f818600000) (1024K)]
  0x000002868e793fe0 WorkerThread "GC Thread#6"                     [id=20236, stack(0x000000f818600000,0x000000f818700000) (1024K)]
  0x000002868e794390 WorkerThread "GC Thread#7"                     [id=15128, stack(0x000000f818800000,0x000000f818900000) (1024K)]
  0x000002868e794740 WorkerThread "GC Thread#8"                     [id=23072, stack(0x000000f818c00000,0x000000f818d00000) (1024K)]
  0x000002868e792d70 WorkerThread "GC Thread#9"                     [id=11052, stack(0x000000f818d00000,0x000000f818e00000) (1024K)]
Total: 12

Threads with active compile tasks:
C2 CompilerThread0  3051 4397   !   4       org.eclipse.osgi.internal.loader.classpath.ClasspathManager::findClassImpl (328 bytes)
C1 CompilerThread0  3051 4513       3       sun.reflect.generics.parser.SignatureParser::parseClassTypeSignature (118 bytes)
C2 CompilerThread1  3051 4403       4       org.eclipse.osgi.internal.loader.ModuleClassLoader::toString (80 bytes)
Total: 3

VM state: not at safepoint (normal execution)

VM Mutex/Monitor currently owned by a thread: None

Heap address: 0x0000000080000000, size: 2048 MB, Compressed Oops mode: 32-bit

CDS archive(s) mapped at: [0x0000028644000000-0x0000028644ba0000-0x0000028644ba0000), size 12189696, SharedBaseAddress: 0x0000028644000000, ArchiveRelocationMode: 1.
Compressed class space mapped at: 0x0000028645000000-0x0000028685000000, reserved size: 1073741824
Narrow klass base: 0x0000028644000000, Narrow klass shift: 0, Narrow klass range: 0x100000000

GC Precious Log:
 CardTable entry size: 512
 CPUs: 12 total, 12 available
 Memory: 16294M
 Large Page Support: Disabled
 NUMA Support: Disabled
 Compressed Oops: Enabled (32-bit)
 Alignments: Space 512K, Generation 512K, Heap 2M
 Heap Min Capacity: 100M
 Heap Initial Capacity: 100M
 Heap Max Capacity: 2G
 Pre-touch: Disabled
 Parallel Workers: 10

Heap:
 PSYoungGen      total 22528K, used 2355K [0x00000000d5580000, 0x00000000d6f80000, 0x0000000100000000)
  eden space 22016K, 10% used [0x00000000d5580000,0x00000000d57cce48,0x00000000d6b00000)
  from space 512K, 0% used [0x00000000d6d00000,0x00000000d6d00000,0x00000000d6d80000)
  to   space 1024K, 0% used [0x00000000d6e80000,0x00000000d6e80000,0x00000000d6f80000)
 ParOldGen       total 68608K, used 19055K [0x0000000080000000, 0x0000000084300000, 0x00000000d5580000)
  object space 68608K, 27% used [0x0000000080000000,0x000000008129bce0,0x0000000084300000)
 Metaspace       used 35091K, committed 36224K, reserved 1114112K
  class space    used 3662K, committed 4160K, reserved 1048576K

Card table byte_map: [0x000002862caa0000,0x000002862ceb0000] _byte_map_base: 0x000002862c6a0000

Marking Bits: (ParMarkBitMap*) 0x00007fff0a7e3450
 Begin Bits: [0x000002863f580000, 0x0000028641580000)
 End Bits:   [0x0000028641580000, 0x0000028643580000)

Polling page: 0x000002862c890000

Metaspace:

Usage:
  Non-class:     30.69 MB used.
      Class:      3.58 MB used.
       Both:     34.27 MB used.

Virtual space:
  Non-class space:       64.00 MB reserved,      31.31 MB ( 49%) committed,  1 nodes.
      Class space:        1.00 GB reserved,       4.06 MB ( <1%) committed,  1 nodes.
             Both:        1.06 GB reserved,      35.38 MB (  3%) committed. 

Chunk freelists:
   Non-Class:  176.00 KB
       Class:  11.77 MB
        Both:  11.94 MB

MaxMetaspaceSize: unlimited
CompressedClassSpaceSize: 1.00 GB
Initial GC threshold: 21.00 MB
Current GC threshold: 58.38 MB
CDS: on
 - commit_granule_bytes: 65536.
 - commit_granule_words: 8192.
 - virtual_space_node_default_size: 8388608.
 - enlarge_chunks_in_place: 1.
 - use_allocation_guard: 0.


Internal statistics:

num_allocs_failed_limit: 6.
num_arena_births: 768.
num_arena_deaths: 14.
num_vsnodes_births: 2.
num_vsnodes_deaths: 0.
num_space_committed: 566.
num_space_uncommitted: 0.
num_chunks_returned_to_freelist: 20.
num_chunks_taken_from_freelist: 2207.
num_chunk_merges: 7.
num_chunk_splits: 1414.
num_chunks_enlarged: 884.
num_inconsistent_stats: 0.

CodeHeap 'non-profiled nmethods': size=120000Kb used=2050Kb max_used=2379Kb free=117950Kb
 bounds [0x0000028637da0000, 0x0000028638010000, 0x000002863f2d0000]
CodeHeap 'profiled nmethods': size=120000Kb used=7913Kb max_used=9333Kb free=112086Kb
 bounds [0x00000286302d0000, 0x0000028630bf0000, 0x0000028637800000]
CodeHeap 'non-nmethods': size=5760Kb used=1365Kb max_used=1405Kb free=4394Kb
 bounds [0x0000028637800000, 0x0000028637a70000, 0x0000028637da0000]
CodeCache: size=245760Kb, used=11328Kb, max_used=13117Kb, free=234430Kb
 total_blobs=4615, nmethods=3956, adapters=564, full_count=0
Compilation: enabled, stopped_count=0, restarted_count=0

Compilation events (20 events):
Event: 2.987 Thread 0x0000028686ae2c60 nmethod 4473 0x0000028630be8a90 code [0x0000028630be8c40, 0x0000028630be8d58]
Event: 2.987 Thread 0x0000028686ae2c60 4474       3       java.lang.reflect.Method::getAnnotation (6 bytes)
Event: 2.987 Thread 0x0000028686ae2c60 nmethod 4474 0x0000028630be8e10 code [0x0000028630be9040, 0x0000028630be9728]
Event: 2.987 Thread 0x0000028686ae2c60 4475       3       java.lang.reflect.Executable::getAnnotation (23 bytes)
Event: 2.988 Thread 0x0000028686ae2c60 nmethod 4475 0x0000028630be9990 code [0x0000028630be9bc0, 0x0000028630bea250]
Event: 2.988 Thread 0x0000028686ae2c60 4477       3       java.util.Spliterators$ArraySpliterator::estimateSize (27 bytes)
Event: 2.989 Thread 0x0000028686ae2c60 nmethod 4477 0x0000028630bea490 code [0x0000028630bea640, 0x0000028630bea7d0]
Event: 2.989 Thread 0x0000028686ae2c60 4478       3       java.lang.reflect.Method::isSynthetic (5 bytes)
Event: 2.989 Thread 0x0000028686ae2c60 nmethod 4478 0x0000028630bea890 code [0x0000028630beaa40, 0x0000028630beac78]
Event: 2.989 Thread 0x0000028686ae2c60 4479       3       sun.reflect.annotation.AnnotationInvocationHandler::invoke (182 bytes)
Event: 2.990 Thread 0x0000028686ae2c60 nmethod 4479 0x0000028630bead90 code [0x0000028630beb0e0, 0x0000028630bec1e0]
Event: 2.990 Thread 0x0000028686ae2c60 4480       3       com.google.common.collect.AbstractIndexedListIterator::hasNext (17 bytes)
Event: 2.990 Thread 0x0000028686ae2c60 nmethod 4480 0x0000028630bec710 code [0x0000028630bec8a0, 0x0000028630beca08]
Event: 2.994 Thread 0x0000028686ae2c60 4481       3       java.lang.PublicMethods$MethodList::<init> (10 bytes)
Event: 2.994 Thread 0x0000028686ae2c60 nmethod 4481 0x0000028630beca90 code [0x0000028630becc40, 0x0000028630becdc8]
Event: 2.994 Thread 0x0000028686ae2c60 4482       3       sun.reflect.generics.visitor.Reifier::make (9 bytes)
Event: 2.994 Thread 0x0000028686ae2c60 nmethod 4482 0x0000028630bece90 code [0x0000028630bed040, 0x0000028630bed268]
Event: 2.994 Thread 0x0000028686ae2c60 4483       3       sun.reflect.generics.visitor.Reifier::<init> (10 bytes)
Event: 2.994 Thread 0x0000028686ae2c60 nmethod 4483 0x0000028630bed390 code [0x0000028630bed540, 0x0000028630bed6c8]
Event: 2.994 Thread 0x0000028686ae2c60 4485       3       jdk.internal.org.objectweb.asm.MethodWriter::putAbstractTypes (31 bytes)

GC Heap History (20 events):
Event: 1.536 GC heap after
{Heap after GC invocations=5 (full 0):
 PSYoungGen      total 29184K, used 4069K [0x00000000d5580000, 0x00000000d7900000, 0x0000000100000000)
  eden space 25088K, 0% used [0x00000000d5580000,0x00000000d5580000,0x00000000d6e00000)
  from space 4096K, 99% used [0x00000000d6e80000,0x00000000d72795c0,0x00000000d7280000)
  to   space 5632K, 0% used [0x00000000d7380000,0x00000000d7380000,0x00000000d7900000)
 ParOldGen       total 68608K, used 7924K [0x0000000080000000, 0x0000000084300000, 0x00000000d5580000)
  object space 68608K, 11% used [0x0000000080000000,0x00000000807bd2a8,0x0000000084300000)
 Metaspace       used 15349K, committed 15936K, reserved 1114112K
  class space    used 1598K, committed 1856K, reserved 1048576K
}
Event: 1.874 GC heap before
{Heap before GC invocations=6 (full 0):
 PSYoungGen      total 29184K, used 29157K [0x00000000d5580000, 0x00000000d7900000, 0x0000000100000000)
  eden space 25088K, 100% used [0x00000000d5580000,0x00000000d6e00000,0x00000000d6e00000)
  from space 4096K, 99% used [0x00000000d6e80000,0x00000000d72795c0,0x00000000d7280000)
  to   space 5632K, 0% used [0x00000000d7380000,0x00000000d7380000,0x00000000d7900000)
 ParOldGen       total 68608K, used 7924K [0x0000000080000000, 0x0000000084300000, 0x00000000d5580000)
  object space 68608K, 11% used [0x0000000080000000,0x00000000807bd2a8,0x0000000084300000)
 Metaspace       used 18580K, committed 19392K, reserved 1114112K
  class space    used 1963K, committed 2304K, reserved 1048576K
}
Event: 1.879 GC heap after
{Heap after GC invocations=6 (full 0):
 PSYoungGen      total 30208K, used 5239K [0x00000000d5580000, 0x00000000d7900000, 0x0000000100000000)
  eden space 24576K, 0% used [0x00000000d5580000,0x00000000d5580000,0x00000000d6d80000)
  from space 5632K, 93% used [0x00000000d7380000,0x00000000d789df88,0x00000000d7900000)
  to   space 5632K, 0% used [0x00000000d6e00000,0x00000000d6e00000,0x00000000d7380000)
 ParOldGen       total 68608K, used 7932K [0x0000000080000000, 0x0000000084300000, 0x00000000d5580000)
  object space 68608K, 11% used [0x0000000080000000,0x00000000807bf2a8,0x0000000084300000)
 Metaspace       used 18580K, committed 19392K, reserved 1114112K
  class space    used 1963K, committed 2304K, reserved 1048576K
}
Event: 2.024 GC heap before
{Heap before GC invocations=7 (full 0):
 PSYoungGen      total 30208K, used 27916K [0x00000000d5580000, 0x00000000d7900000, 0x0000000100000000)
  eden space 24576K, 92% used [0x00000000d5580000,0x00000000d6ba52a0,0x00000000d6d80000)
  from space 5632K, 93% used [0x00000000d7380000,0x00000000d789df88,0x00000000d7900000)
  to   space 5632K, 0% used [0x00000000d6e00000,0x00000000d6e00000,0x00000000d7380000)
 ParOldGen       total 68608K, used 7932K [0x0000000080000000, 0x0000000084300000, 0x00000000d5580000)
  object space 68608K, 11% used [0x0000000080000000,0x00000000807bf2a8,0x0000000084300000)
 Metaspace       used 20743K, committed 21504K, reserved 1114112K
  class space    used 2209K, committed 2560K, reserved 1048576K
}
Event: 2.026 GC heap after
{Heap after GC invocations=7 (full 0):
 PSYoungGen      total 29184K, used 4506K [0x00000000d5580000, 0x00000000d7780000, 0x0000000100000000)
  eden space 24576K, 0% used [0x00000000d5580000,0x00000000d5580000,0x00000000d6d80000)
  from space 4608K, 97% used [0x00000000d6e00000,0x00000000d7266940,0x00000000d7280000)
  to   space 5120K, 0% used [0x00000000d7280000,0x00000000d7280000,0x00000000d7780000)
 ParOldGen       total 68608K, used 9630K [0x0000000080000000, 0x0000000084300000, 0x00000000d5580000)
  object space 68608K, 14% used [0x0000000080000000,0x0000000080967aa8,0x0000000084300000)
 Metaspace       used 20743K, committed 21504K, reserved 1114112K
  class space    used 2209K, committed 2560K, reserved 1048576K
}
Event: 2.026 GC heap before
{Heap before GC invocations=8 (full 1):
 PSYoungGen      total 29184K, used 4506K [0x00000000d5580000, 0x00000000d7780000, 0x0000000100000000)
  eden space 24576K, 0% used [0x00000000d5580000,0x00000000d5580000,0x00000000d6d80000)
  from space 4608K, 97% used [0x00000000d6e00000,0x00000000d7266940,0x00000000d7280000)
  to   space 5120K, 0% used [0x00000000d7280000,0x00000000d7280000,0x00000000d7780000)
 ParOldGen       total 68608K, used 9630K [0x0000000080000000, 0x0000000084300000, 0x00000000d5580000)
  object space 68608K, 14% used [0x0000000080000000,0x0000000080967aa8,0x0000000084300000)
 Metaspace       used 20743K, committed 21504K, reserved 1114112K
  class space    used 2209K, committed 2560K, reserved 1048576K
}
Event: 2.048 GC heap after
{Heap after GC invocations=8 (full 1):
 PSYoungGen      total 29184K, used 0K [0x00000000d5580000, 0x00000000d7780000, 0x0000000100000000)
  eden space 24576K, 0% used [0x00000000d5580000,0x00000000d5580000,0x00000000d6d80000)
  from space 4608K, 0% used [0x00000000d6e00000,0x00000000d6e00000,0x00000000d7280000)
  to   space 5120K, 0% used [0x00000000d7280000,0x00000000d7280000,0x00000000d7780000)
 ParOldGen       total 68608K, used 13379K [0x0000000080000000, 0x0000000084300000, 0x00000000d5580000)
  object space 68608K, 19% used [0x0000000080000000,0x0000000080d10c58,0x0000000084300000)
 Metaspace       used 20731K, committed 21504K, reserved 1114112K
  class space    used 2206K, committed 2560K, reserved 1048576K
}
Event: 2.139 GC heap before
{Heap before GC invocations=9 (full 1):
 PSYoungGen      total 29184K, used 24491K [0x00000000d5580000, 0x00000000d7780000, 0x0000000100000000)
  eden space 24576K, 99% used [0x00000000d5580000,0x00000000d6d6acb8,0x00000000d6d80000)
  from space 4608K, 0% used [0x00000000d6e00000,0x00000000d6e00000,0x00000000d7280000)
  to   space 5120K, 0% used [0x00000000d7280000,0x00000000d7280000,0x00000000d7780000)
 ParOldGen       total 68608K, used 13379K [0x0000000080000000, 0x0000000084300000, 0x00000000d5580000)
  object space 68608K, 19% used [0x0000000080000000,0x0000000080d10c58,0x0000000084300000)
 Metaspace       used 23244K, committed 24064K, reserved 1114112K
  class space    used 2374K, committed 2688K, reserved 1048576K
}
Event: 2.139 GC heap after
{Heap after GC invocations=9 (full 1):
 PSYoungGen      total 25088K, used 880K [0x00000000d5580000, 0x00000000d7380000, 0x0000000100000000)
  eden space 24064K, 0% used [0x00000000d5580000,0x00000000d5580000,0x00000000d6d00000)
  from space 1024K, 86% used [0x00000000d7280000,0x00000000d735c390,0x00000000d7380000)
  to   space 2560K, 0% used [0x00000000d6e80000,0x00000000d6e80000,0x00000000d7100000)
 ParOldGen       total 68608K, used 13387K [0x0000000080000000, 0x0000000084300000, 0x00000000d5580000)
  object space 68608K, 19% used [0x0000000080000000,0x0000000080d12c58,0x0000000084300000)
 Metaspace       used 23244K, committed 24064K, reserved 1114112K
  class space    used 2374K, committed 2688K, reserved 1048576K
}
Event: 2.237 GC heap before
{Heap before GC invocations=10 (full 1):
 PSYoungGen      total 25088K, used 24944K [0x00000000d5580000, 0x00000000d7380000, 0x0000000100000000)
  eden space 24064K, 100% used [0x00000000d5580000,0x00000000d6d00000,0x00000000d6d00000)
  from space 1024K, 86% used [0x00000000d7280000,0x00000000d735c390,0x00000000d7380000)
  to   space 2560K, 0% used [0x00000000d6e80000,0x00000000d6e80000,0x00000000d7100000)
 ParOldGen       total 68608K, used 13387K [0x0000000080000000, 0x0000000084300000, 0x00000000d5580000)
  object space 68608K, 19% used [0x0000000080000000,0x0000000080d12c58,0x0000000084300000)
 Metaspace       used 26443K, committed 27264K, reserved 1114112K
  class space    used 2615K, committed 2944K, reserved 1048576K
}
Event: 2.239 GC heap after
{Heap after GC invocations=10 (full 1):
 PSYoungGen      total 26112K, used 2505K [0x00000000d5580000, 0x00000000d7300000, 0x0000000100000000)
  eden space 23552K, 0% used [0x00000000d5580000,0x00000000d5580000,0x00000000d6c80000)
  from space 2560K, 97% used [0x00000000d6e80000,0x00000000d70f26b0,0x00000000d7100000)
  to   space 2048K, 0% used [0x00000000d7100000,0x00000000d7100000,0x00000000d7300000)
 ParOldGen       total 68608K, used 13387K [0x0000000080000000, 0x0000000084300000, 0x00000000d5580000)
  object space 68608K, 19% used [0x0000000080000000,0x0000000080d12c58,0x0000000084300000)
 Metaspace       used 26443K, committed 27264K, reserved 1114112K
  class space    used 2615K, committed 2944K, reserved 1048576K
}
Event: 2.400 GC heap before
{Heap before GC invocations=11 (full 1):
 PSYoungGen      total 26112K, used 26057K [0x00000000d5580000, 0x00000000d7300000, 0x0000000100000000)
  eden space 23552K, 100% used [0x00000000d5580000,0x00000000d6c80000,0x00000000d6c80000)
  from space 2560K, 97% used [0x00000000d6e80000,0x00000000d70f26b0,0x00000000d7100000)
  to   space 2048K, 0% used [0x00000000d7100000,0x00000000d7100000,0x00000000d7300000)
 ParOldGen       total 68608K, used 13387K [0x0000000080000000, 0x0000000084300000, 0x00000000d5580000)
  object space 68608K, 19% used [0x0000000080000000,0x0000000080d12c58,0x0000000084300000)
 Metaspace       used 28446K, committed 29312K, reserved 1114112K
  class space    used 2788K, committed 3136K, reserved 1048576K
}
Event: 2.402 GC heap after
{Heap after GC invocations=11 (full 1):
 PSYoungGen      total 25088K, used 2024K [0x00000000d5580000, 0x00000000d7400000, 0x0000000100000000)
  eden space 23040K, 0% used [0x00000000d5580000,0x00000000d5580000,0x00000000d6c00000)
  from space 2048K, 98% used [0x00000000d7100000,0x00000000d72fa380,0x00000000d7300000)
  to   space 4096K, 0% used [0x00000000d6c00000,0x00000000d6c00000,0x00000000d7000000)
 ParOldGen       total 68608K, used 14788K [0x0000000080000000, 0x0000000084300000, 0x00000000d5580000)
  object space 68608K, 21% used [0x0000000080000000,0x0000000080e71138,0x0000000084300000)
 Metaspace       used 28446K, committed 29312K, reserved 1114112K
  class space    used 2788K, committed 3136K, reserved 1048576K
}
Event: 2.637 GC heap before
{Heap before GC invocations=12 (full 1):
 PSYoungGen      total 25088K, used 25063K [0x00000000d5580000, 0x00000000d7400000, 0x0000000100000000)
  eden space 23040K, 99% used [0x00000000d5580000,0x00000000d6bffc00,0x00000000d6c00000)
  from space 2048K, 98% used [0x00000000d7100000,0x00000000d72fa380,0x00000000d7300000)
  to   space 4096K, 0% used [0x00000000d6c00000,0x00000000d6c00000,0x00000000d7000000)
 ParOldGen       total 68608K, used 14788K [0x0000000080000000, 0x0000000084300000, 0x00000000d5580000)
  object space 68608K, 21% used [0x0000000080000000,0x0000000080e71138,0x0000000084300000)
 Metaspace       used 31635K, committed 32576K, reserved 1114112K
  class space    used 3167K, committed 3584K, reserved 1048576K
}
Event: 2.640 GC heap after
{Heap after GC invocations=12 (full 1):
 PSYoungGen      total 24576K, used 1755K [0x00000000d5580000, 0x00000000d7180000, 0x0000000100000000)
  eden space 22528K, 0% used [0x00000000d5580000,0x00000000d5580000,0x00000000d6b80000)
  from space 2048K, 85% used [0x00000000d6c00000,0x00000000d6db6fc8,0x00000000d6e00000)
  to   space 2560K, 0% used [0x00000000d6f00000,0x00000000d6f00000,0x00000000d7180000)
 ParOldGen       total 68608K, used 16803K [0x0000000080000000, 0x0000000084300000, 0x00000000d5580000)
  object space 68608K, 24% used [0x0000000080000000,0x0000000081068ca0,0x0000000084300000)
 Metaspace       used 31635K, committed 32576K, reserved 1114112K
  class space    used 3167K, committed 3584K, reserved 1048576K
}
Event: 2.923 GC heap before
{Heap before GC invocations=13 (full 1):
 PSYoungGen      total 24576K, used 24283K [0x00000000d5580000, 0x00000000d7180000, 0x0000000100000000)
  eden space 22528K, 100% used [0x00000000d5580000,0x00000000d6b80000,0x00000000d6b80000)
  from space 2048K, 85% used [0x00000000d6c00000,0x00000000d6db6fc8,0x00000000d6e00000)
  to   space 2560K, 0% used [0x00000000d6f00000,0x00000000d6f00000,0x00000000d7180000)
 ParOldGen       total 68608K, used 16803K [0x0000000080000000, 0x0000000084300000, 0x00000000d5580000)
  object space 68608K, 24% used [0x0000000080000000,0x0000000081068ca0,0x0000000084300000)
 Metaspace       used 34421K, committed 35520K, reserved 1114112K
  class space    used 3556K, committed 4096K, reserved 1048576K
}
Event: 2.925 GC heap after
{Heap after GC invocations=13 (full 1):
 PSYoungGen      total 24064K, used 1936K [0x00000000d5580000, 0x00000000d7100000, 0x0000000100000000)
  eden space 22016K, 0% used [0x00000000d5580000,0x00000000d5580000,0x00000000d6b00000)
  from space 2048K, 94% used [0x00000000d6f00000,0x00000000d70e4010,0x00000000d7100000)
  to   space 2048K, 0% used [0x00000000d6d00000,0x00000000d6d00000,0x00000000d6f00000)
 ParOldGen       total 68608K, used 17983K [0x0000000080000000, 0x0000000084300000, 0x00000000d5580000)
  object space 68608K, 26% used [0x0000000080000000,0x000000008118fe30,0x0000000084300000)
 Metaspace       used 34421K, committed 35520K, reserved 1114112K
  class space    used 3556K, committed 4096K, reserved 1048576K
}
Event: 2.995 GC heap before
{Heap before GC invocations=14 (full 1):
 PSYoungGen      total 24064K, used 5990K [0x00000000d5580000, 0x00000000d7100000, 0x0000000100000000)
  eden space 22016K, 18% used [0x00000000d5580000,0x00000000d5975b68,0x00000000d6b00000)
  from space 2048K, 94% used [0x00000000d6f00000,0x00000000d70e4010,0x00000000d7100000)
  to   space 2048K, 0% used [0x00000000d6d00000,0x00000000d6d00000,0x00000000d6f00000)
 ParOldGen       total 68608K, used 17983K [0x0000000080000000, 0x0000000084300000, 0x00000000d5580000)
  object space 68608K, 26% used [0x0000000080000000,0x000000008118fe30,0x0000000084300000)
 Metaspace       used 34858K, committed 35840K, reserved 1114112K
  class space    used 3621K, committed 4096K, reserved 1048576K
}
Event: 2.998 GC heap after
{Heap after GC invocations=14 (full 1):
 PSYoungGen      total 22528K, used 480K [0x00000000d5580000, 0x00000000d6f80000, 0x0000000100000000)
  eden space 22016K, 0% used [0x00000000d5580000,0x00000000d5580000,0x00000000d6b00000)
  from space 512K, 93% used [0x00000000d6d00000,0x00000000d6d78000,0x00000000d6d80000)
  to   space 1024K, 0% used [0x00000000d6e80000,0x00000000d6e80000,0x00000000d6f80000)
 ParOldGen       total 68608K, used 19669K [0x0000000080000000, 0x0000000084300000, 0x00000000d5580000)
  object space 68608K, 28% used [0x0000000080000000,0x0000000081335750,0x0000000084300000)
 Metaspace       used 34858K, committed 35840K, reserved 1114112K
  class space    used 3621K, committed 4096K, reserved 1048576K
}
Event: 2.998 GC heap before
{Heap before GC invocations=15 (full 2):
 PSYoungGen      total 22528K, used 480K [0x00000000d5580000, 0x00000000d6f80000, 0x0000000100000000)
  eden space 22016K, 0% used [0x00000000d5580000,0x00000000d5580000,0x00000000d6b00000)
  from space 512K, 93% used [0x00000000d6d00000,0x00000000d6d78000,0x00000000d6d80000)
  to   space 1024K, 0% used [0x00000000d6e80000,0x00000000d6e80000,0x00000000d6f80000)
 ParOldGen       total 68608K, used 19669K [0x0000000080000000, 0x0000000084300000, 0x00000000d5580000)
  object space 68608K, 28% used [0x0000000080000000,0x0000000081335750,0x0000000084300000)
 Metaspace       used 34858K, committed 35840K, reserved 1114112K
  class space    used 3621K, committed 4096K, reserved 1048576K
}

Dll operation events (10 events):
Event: 0.005 Loaded shared library c:\Users\ŕäěłí\.vscode\extensions\redhat.java-1.53.0-win32-x64\jre\21.0.10-win32-x86_64\bin\java.dll
Event: 0.026 Loaded shared library c:\Users\ŕäěłí\.vscode\extensions\redhat.java-1.53.0-win32-x64\jre\21.0.10-win32-x86_64\bin\zip.dll
Event: 0.080 Loaded shared library C:\Users\ŕäěłí\.vscode\extensions\redhat.java-1.53.0-win32-x64\jre\21.0.10-win32-x86_64\bin\instrument.dll
Event: 0.083 Loaded shared library C:\Users\ŕäěłí\.vscode\extensions\redhat.java-1.53.0-win32-x64\jre\21.0.10-win32-x86_64\bin\net.dll
Event: 0.085 Loaded shared library C:\Users\ŕäěłí\.vscode\extensions\redhat.java-1.53.0-win32-x64\jre\21.0.10-win32-x86_64\bin\nio.dll
Event: 0.090 Loaded shared library C:\Users\ŕäěłí\.vscode\extensions\redhat.java-1.53.0-win32-x64\jre\21.0.10-win32-x86_64\bin\zip.dll
Event: 0.106 Loaded shared library C:\Users\ŕäěłí\.vscode\extensions\redhat.java-1.53.0-win32-x64\jre\21.0.10-win32-x86_64\bin\jimage.dll
Event: 0.185 Loaded shared library c:\Users\ŕäěłí\.vscode\extensions\redhat.java-1.53.0-win32-x64\jre\21.0.10-win32-x86_64\bin\verify.dll
Event: 0.922 Loaded shared library C:\Users\ŕäěłí\AppData\Roaming\Code\User\globalStorage\redhat.java\1.53.0\config_win\org.eclipse.equinox.launcher\org.eclipse.equinox.launcher.win32.win32.x86_64_1.3.0.v20260203-2149\eclipse_11919.dll
Event: 1.678 Loaded shared library C:\Users\ŕäěłí\AppData\Local\Temp\jna-1023146847\jna8465046977289589925.dll

Deoptimization events (20 events):
Event: 2.716 Thread 0x000002868f2c9ec0 Uncommon trap: trap_request=0xffffffde fr.pc=0x0000028637f6fef4 relative=0x00000000000000b4
Event: 2.716 Thread 0x000002868f2c9ec0 Uncommon trap: reason=class_check action=maybe_recompile pc=0x0000028637f6fef4 method=java.lang.Character.codePointAt(Ljava/lang/CharSequence;I)I @ 2 c2
Event: 2.716 Thread 0x000002868f2c9ec0 DEOPT PACKING pc=0x0000028637f6fef4 sp=0x000000f8196fe5c0
Event: 2.716 Thread 0x000002868f2c9ec0 DEOPT UNPACKING pc=0x0000028637853aa2 sp=0x000000f8196fe548 mode 2
Event: 2.716 Thread 0x000002868f2c9ec0 Uncommon trap: trap_request=0xffffffde fr.pc=0x0000028637f6fef4 relative=0x00000000000000b4
Event: 2.716 Thread 0x000002868f2c9ec0 Uncommon trap: reason=class_check action=maybe_recompile pc=0x0000028637f6fef4 method=java.lang.Character.codePointAt(Ljava/lang/CharSequence;I)I @ 2 c2
Event: 2.716 Thread 0x000002868f2c9ec0 DEOPT PACKING pc=0x0000028637f6fef4 sp=0x000000f8196fe5c0
Event: 2.716 Thread 0x000002868f2c9ec0 DEOPT UNPACKING pc=0x0000028637853aa2 sp=0x000000f8196fe548 mode 2
Event: 2.716 Thread 0x000002868f2c9ec0 Uncommon trap: trap_request=0xffffffde fr.pc=0x0000028637f6fef4 relative=0x00000000000000b4
Event: 2.716 Thread 0x000002868f2c9ec0 Uncommon trap: reason=class_check action=maybe_recompile pc=0x0000028637f6fef4 method=java.lang.Character.codePointAt(Ljava/lang/CharSequence;I)I @ 2 c2
Event: 2.716 Thread 0x000002868f2c9ec0 DEOPT PACKING pc=0x0000028637f6fef4 sp=0x000000f8196fe5c0
Event: 2.716 Thread 0x000002868f2c9ec0 DEOPT UNPACKING pc=0x0000028637853aa2 sp=0x000000f8196fe548 mode 2
Event: 2.716 Thread 0x000002868f2c9ec0 Uncommon trap: trap_request=0xffffffde fr.pc=0x0000028637f6fef4 relative=0x00000000000000b4
Event: 2.716 Thread 0x000002868f2c9ec0 Uncommon trap: reason=class_check action=maybe_recompile pc=0x0000028637f6fef4 method=java.lang.Character.codePointAt(Ljava/lang/CharSequence;I)I @ 2 c2
Event: 2.716 Thread 0x000002868f2c9ec0 DEOPT PACKING pc=0x0000028637f6fef4 sp=0x000000f8196fe5c0
Event: 2.716 Thread 0x000002868f2c9ec0 DEOPT UNPACKING pc=0x0000028637853aa2 sp=0x000000f8196fe548 mode 2
Event: 2.995 Thread 0x000002868f2c9ec0 Uncommon trap: trap_request=0xffffff45 fr.pc=0x0000028637e7d604 relative=0x0000000000000ba4
Event: 2.995 Thread 0x000002868f2c9ec0 Uncommon trap: reason=unstable_if action=reinterpret pc=0x0000028637e7d604 method=jdk.internal.org.objectweb.asm.SymbolTable.put(Ljdk/internal/org/objectweb/asm/SymbolTable$Entry;)Ljdk/internal/org/objectweb/asm/SymbolTable$Entry; @ 13 c2
Event: 2.995 Thread 0x000002868f2c9ec0 DEOPT PACKING pc=0x0000028637e7d604 sp=0x000000f8196fd4b0
Event: 2.995 Thread 0x000002868f2c9ec0 DEOPT UNPACKING pc=0x0000028637853aa2 sp=0x000000f8196fd3b8 mode 2

Classes loaded (20 events):
Event: 2.852 Loading class sun/reflect/annotation/TypeAnnotation
Event: 2.853 Loading class sun/reflect/annotation/TypeAnnotation done
Event: 2.853 Loading class sun/reflect/annotation/TypeAnnotation$TypeAnnotationTarget
Event: 2.853 Loading class sun/reflect/annotation/TypeAnnotation$TypeAnnotationTarget done
Event: 2.853 Loading class sun/reflect/annotation/TypeAnnotation$LocationInfo
Event: 2.853 Loading class sun/reflect/annotation/TypeAnnotation$LocationInfo done
Event: 2.853 Loading class sun/reflect/annotation/TypeAnnotation$LocationInfo$Location
Event: 2.853 Loading class sun/reflect/annotation/TypeAnnotation$LocationInfo$Location done
Event: 2.853 Loading class sun/reflect/annotation/AnnotatedTypeFactory
Event: 2.853 Loading class sun/reflect/annotation/AnnotatedTypeFactory done
Event: 2.853 Loading class sun/reflect/annotation/AnnotatedTypeFactory$AnnotatedTypeBaseImpl
Event: 2.853 Loading class sun/reflect/annotation/AnnotatedTypeFactory$AnnotatedTypeBaseImpl done
Event: 2.914 Loading class java/lang/annotation/ElementType
Event: 2.914 Loading class java/lang/annotation/ElementType done
Event: 2.938 Loading class sun/reflect/generics/tree/BottomSignature
Event: 2.941 Loading class sun/reflect/generics/tree/BottomSignature done
Event: 2.941 Loading class sun/reflect/generics/tree/Wildcard
Event: 2.941 Loading class sun/reflect/generics/tree/Wildcard done
Event: 2.942 Loading class sun/reflect/generics/reflectiveObjects/WildcardTypeImpl
Event: 2.942 Loading class sun/reflect/generics/reflectiveObjects/WildcardTypeImpl done

Classes unloaded (7 events):
Event: 2.030 Thread 0x000002862d180770 Unloading class 0x00000286451ac800 'java/lang/invoke/LambdaForm$MH+0x00000286451ac800'
Event: 2.030 Thread 0x000002862d180770 Unloading class 0x00000286451ac400 'java/lang/invoke/LambdaForm$MH+0x00000286451ac400'
Event: 2.030 Thread 0x000002862d180770 Unloading class 0x00000286451ac000 'java/lang/invoke/LambdaForm$MH+0x00000286451ac000'
Event: 2.030 Thread 0x000002862d180770 Unloading class 0x00000286451abc00 'java/lang/invoke/LambdaForm$MH+0x00000286451abc00'
Event: 2.030 Thread 0x000002862d180770 Unloading class 0x00000286451ab800 'java/lang/invoke/LambdaForm$BMH+0x00000286451ab800'
Event: 2.030 Thread 0x000002862d180770 Unloading class 0x00000286451ab400 'java/lang/invoke/LambdaForm$DMH+0x00000286451ab400'
Event: 2.030 Thread 0x000002862d180770 Unloading class 0x00000286451aa400 'java/lang/invoke/LambdaForm$DMH+0x00000286451aa400'

Classes redefined (0 events):
No events

Internal exceptions (20 events):
Event: 2.482 Thread 0x000002868e8ac220 Exception <a 'java/io/FileNotFoundException'{0x00000000d5a71a60}> (0x00000000d5a71a60) 
thrown [s\src\hotspot\share\prims\jni.cpp, line 520]
Event: 2.498 Thread 0x000002868e8ac220 Exception <a 'java/lang/UnsatisfiedLinkError'{0x00000000d5b8d150}: The specified procedure could not be found.
> (0x00000000d5b8d150) 
thrown [s\src\hotspot\share\prims\jni.cpp, line 539]
Event: 2.501 Thread 0x000002868e8ac220 Exception <a 'java/io/FileNotFoundException'{0x00000000d5ba5a70}> (0x00000000d5ba5a70) 
thrown [s\src\hotspot\share\prims\jni.cpp, line 520]
Event: 2.508 Thread 0x000002868e8ac220 Exception <a 'java/io/FileNotFoundException'{0x00000000d5c306b8}> (0x00000000d5c306b8) 
thrown [s\src\hotspot\share\prims\jni.cpp, line 520]
Event: 2.512 Thread 0x000002868e8ac220 Exception <a 'java/lang/UnsatisfiedLinkError'{0x00000000d5c63058}: The specified procedure could not be found.
> (0x00000000d5c63058) 
thrown [s\src\hotspot\share\prims\jni.cpp, line 539]
Event: 2.587 Thread 0x000002868f49ca90 Exception <a 'java/lang/NoSuchMethodError'{0x00000000d6196f00}: 'void java.lang.invoke.DirectMethodHandle$Holder.invokeStaticInit(java.lang.Object, java.lang.Object, java.lang.Object, java.lang.Object)'> (0x00000000d6196f00) 
thrown [s\src\hotspot\share\interpreter\linkResolver.cpp, line 773]
Event: 2.636 Thread 0x000002862d0c1920 Exception <a 'java/lang/NoSuchMethodError'{0x00000000d6be1e40}: 'java.lang.Object java.lang.invoke.DirectMethodHandle$Holder.invokeStatic(java.lang.Object, long, java.lang.Object)'> (0x00000000d6be1e40) 
thrown [s\src\hotspot\share\interpreter\linkResolver.cpp, line 773]
Event: 2.642 Thread 0x000002862d0c1920 Implicit null exception at 0x0000028637f57102 to 0x0000028637f571fc
Event: 2.643 Thread 0x000002862d0c1920 Exception <a 'java/lang/NoSuchMethodError'{0x00000000d55d6e68}: 'java.lang.Object java.lang.invoke.DirectMethodHandle$Holder.invokeStaticInit(java.lang.Object, long, java.lang.Object)'> (0x00000000d55d6e68) 
thrown [s\src\hotspot\share\interpreter\linkResolver.cpp, line 773]
Event: 2.644 Thread 0x000002862d0c1920 Exception <a 'java/lang/NoSuchMethodError'{0x00000000d55dc528}: 'java.lang.Object java.lang.invoke.DirectMethodHandle$Holder.newInvokeSpecial(java.lang.Object, long)'> (0x00000000d55dc528) 
thrown [s\src\hotspot\share\interpreter\linkResolver.cpp, line 773]
Event: 2.687 Thread 0x000002868f2c9ec0 Exception <a 'java/lang/NoSuchMethodError'{0x00000000d5a3a870}: 'java.lang.Object java.lang.invoke.DirectMethodHandle$Holder.invokeStaticInit(java.lang.Object, java.lang.Object, java.lang.Object, java.lang.Object, java.lang.Object, java.lang.Object, java.lang.Object)'> (0x00000000d5a3a870) 
thrown [s\src\hotspot\share\interpreter\linkResolver.cpp, line 773]
Event: 2.688 Thread 0x000002868f2c9ec0 Exception <a 'java/lang/NoSuchMethodError'{0x00000000d5a3ee58}: 'java.lang.Object java.lang.invoke.Invokers$Holder.invoke_MT(java.lang.Object, java.lang.Object, java.lang.Object, java.lang.Object, java.lang.Object, java.lang.Object, java.lang.Object, java.lang.Object, java.lang.Object)'> (0x00000000d5a3ee58) 
thrown [s\src\hotspot\share\interpreter\linkResolver.cpp, line 773]
Event: 2.693 Thread 0x000002868f2c9ec0 Exception <a 'java/lang/NoSuchMethodError'{0x00000000d5a7ec18}: 'int java.lang.invoke.DirectMethodHandle$Holder.invokeVirtual(java.lang.Object, java.lang.Object, java.lang.Object)'> (0x00000000d5a7ec18) 
thrown [s\src\hotspot\share\interpreter\linkResolver.cpp, line 773]
Event: 2.694 Thread 0x000002868f2c9ec0 Exception <a 'java/lang/NoSuchMethodError'{0x00000000d5a82de8}: 'int java.lang.invoke.DirectMethodHandle$Holder.invokeStaticInit(java.lang.Object, int, int)'> (0x00000000d5a82de8) 
thrown [s\src\hotspot\share\interpreter\linkResolver.cpp, line 773]
Event: 2.694 Thread 0x000002868f2c9ec0 Exception <a 'java/lang/NoSuchMethodError'{0x00000000d5a8a3a0}: 'int java.lang.invoke.DirectMethodHandle$Holder.invokeStaticInit(java.lang.Object, long, long)'> (0x00000000d5a8a3a0) 
thrown [s\src\hotspot\share\interpreter\linkResolver.cpp, line 773]
Event: 2.695 Thread 0x000002868f2c9ec0 Exception <a 'java/lang/NoSuchMethodError'{0x00000000d5a90d38}: 'int java.lang.invoke.DirectMethodHandle$Holder.invokeStaticInit(java.lang.Object, float, float)'> (0x00000000d5a90d38) 
thrown [s\src\hotspot\share\interpreter\linkResolver.cpp, line 773]
Event: 2.695 Thread 0x000002868f2c9ec0 Exception <a 'java/lang/NoSuchMethodError'{0x00000000d5a97920}: 'int java.lang.invoke.DirectMethodHandle$Holder.invokeStaticInit(java.lang.Object, double, double)'> (0x00000000d5a97920) 
thrown [s\src\hotspot\share\interpreter\linkResolver.cpp, line 773]
Event: 2.696 Thread 0x000002868f2c9ec0 Exception <a 'java/lang/NoSuchMethodError'{0x00000000d5a9bf70}: 'int java.lang.invoke.DirectMethodHandle$Holder.invokeStatic(java.lang.Object, long)'> (0x00000000d5a9bf70) 
thrown [s\src\hotspot\share\interpreter\linkResolver.cpp, line 773]
Event: 2.699 Thread 0x000002868f2c9ec0 Exception <a 'java/lang/NoSuchMethodError'{0x00000000d5afc810}: 'int java.lang.invoke.Invokers$Holder.linkToTargetMethod(java.lang.Object, java.lang.Object)'> (0x00000000d5afc810) 
thrown [s\src\hotspot\share\interpreter\linkResolver.cpp, line 773]
Event: 2.732 Thread 0x000002868f2c9ec0 Exception <a 'java/lang/NoSuchMethodError'{0x00000000d5daf418}: 'java.lang.Object java.lang.invoke.DirectMethodHandle$Holder.invokeSpecialIFC(java.lang.Object, java.lang.Object, java.lang.Object, java.lang.Object)'> (0x00000000d5daf418) 
thrown [s\src\hotspot\share\interpreter\linkResolver.cpp, line 773]

ZGC Phase Switch (0 events):
No events

VM Operations (20 events):
Event: 1.879 Executing safepoint VM operation: ParallelGCFailedAllocation (Allocation Failure) done
Event: 2.024 Executing safepoint VM operation: CollectForMetadataAllocation (Metadata GC Threshold)
Event: 2.048 Executing safepoint VM operation: CollectForMetadataAllocation (Metadata GC Threshold) done
Event: 2.139 Executing safepoint VM operation: ParallelGCFailedAllocation (Allocation Failure)
Event: 2.139 Executing safepoint VM operation: ParallelGCFailedAllocation (Allocation Failure) done
Event: 2.237 Executing safepoint VM operation: ParallelGCFailedAllocation (Allocation Failure)
Event: 2.239 Executing safepoint VM operation: ParallelGCFailedAllocation (Allocation Failure) done
Event: 2.362 Executing non-safepoint VM operation: HandshakeAllThreads (Deoptimize)
Event: 2.362 Executing non-safepoint VM operation: HandshakeAllThreads (Deoptimize) done
Event: 2.400 Executing safepoint VM operation: ParallelGCFailedAllocation (Allocation Failure)
Event: 2.402 Executing safepoint VM operation: ParallelGCFailedAllocation (Allocation Failure) done
Event: 2.442 Executing non-safepoint VM operation: HandshakeAllThreads (Deoptimize)
Event: 2.442 Executing non-safepoint VM operation: HandshakeAllThreads (Deoptimize) done
Event: 2.637 Executing safepoint VM operation: ParallelGCFailedAllocation (Allocation Failure)
Event: 2.640 Executing safepoint VM operation: ParallelGCFailedAllocation (Allocation Failure) done
Event: 2.705 Executing non-safepoint VM operation: HandshakeAllThreads (Deoptimize)
Event: 2.705 Executing non-safepoint VM operation: HandshakeAllThreads (Deoptimize) done
Event: 2.915 Executing safepoint VM operation: ParallelGCFailedAllocation (Allocation Failure)
Event: 2.925 Executing safepoint VM operation: ParallelGCFailedAllocation (Allocation Failure) done
Event: 2.995 Executing safepoint VM operation: CollectForMetadataAllocation (Metadata GC Threshold)

Memory protections (0 events):
No events

Nmethod flushes (20 events):
Event: 3.013 Thread 0x000002862d180770 flushing  nmethod 0x0000028630877610
Event: 3.013 Thread 0x000002862d180770 flushing  nmethod 0x00000286308c0c90
Event: 3.013 Thread 0x000002862d180770 flushing  nmethod 0x00000286308fad10
Event: 3.013 Thread 0x000002862d180770 flushing  nmethod 0x00000286308fc890
Event: 3.013 Thread 0x000002862d180770 flushing  nmethod 0x00000286308fd190
Event: 3.013 Thread 0x000002862d180770 flushing  nmethod 0x00000286308ff010
Event: 3.013 Thread 0x000002862d180770 flushing  nmethod 0x00000286308ff790
Event: 3.013 Thread 0x000002862d180770 flushing  nmethod 0x0000028630901110
Event: 3.013 Thread 0x000002862d180770 flushing  nmethod 0x0000028630901a10
Event: 3.013 Thread 0x000002862d180770 flushing  nmethod 0x0000028630902710
Event: 3.013 Thread 0x000002862d180770 flushing  nmethod 0x0000028630903b10
Event: 3.013 Thread 0x000002862d180770 flushing  nmethod 0x0000028630904790
Event: 3.013 Thread 0x000002862d180770 flushing  nmethod 0x0000028630904c90
Event: 3.013 Thread 0x000002862d180770 flushing  nmethod 0x0000028630905190
Event: 3.013 Thread 0x000002862d180770 flushing  nmethod 0x0000028630906690
Event: 3.013 Thread 0x000002862d180770 flushing  nmethod 0x0000028630906990
Event: 3.013 Thread 0x000002862d180770 flushing  nmethod 0x000002863090f990
Event: 3.013 Thread 0x000002862d180770 flushing  nmethod 0x000002863092f090
Event: 3.013 Thread 0x000002862d180770 flushing  nmethod 0x000002863093c510
Event: 3.013 Thread 0x000002862d180770 flushing  nmethod 0x0000028630940f90

Events (20 events):
Event: 1.692 Thread 0x000002868e8ac220 Thread added: 0x000002868f49c400
Event: 1.715 Thread 0x000002868e8ac220 Thread added: 0x000002868f49d7b0
Event: 1.730 Thread 0x000002868e8ac220 Thread added: 0x000002868f49ca90
Event: 2.345 Thread 0x000002868e8ac220 Thread added: 0x000002868f49d120
Event: 2.573 Thread 0x000002868f49ca90 Thread added: 0x000002868f2c6a40
Event: 2.621 Thread 0x000002868f2c6a40 Thread added: 0x000002868f2c9ec0
Event: 2.657 Thread 0x000002862d0c1920 Thread added: 0x000002868f2c8b10
Event: 2.657 Thread 0x000002862d0c1920 Thread added: 0x000002868f2c70d0
Event: 2.657 Thread 0x000002862d0c1920 Thread added: 0x000002868f2c7760
Event: 2.657 Thread 0x000002862d0c1920 Thread added: 0x000002868f2c7df0
Event: 2.658 Thread 0x000002862d0c1920 Thread added: 0x000002868f2c5690
Event: 2.658 Thread 0x000002862d0c1920 Thread added: 0x000002868f2ca550
Event: 2.658 Thread 0x000002862d0c1920 Thread added: 0x000002868f2c8480
Event: 2.658 Thread 0x000002862d0c1920 Thread added: 0x000002868f2c63b0
Event: 2.658 Thread 0x000002862d0c1920 Thread added: 0x000002868f2c91a0
Event: 2.658 Thread 0x000002862d0c1920 Thread added: 0x000002868f2c9830
Event: 2.659 Thread 0x000002862d0c1920 Thread added: 0x000002868f2cabe0
Event: 2.659 Thread 0x000002862d0c1920 Thread added: 0x000002868f2c5000
Event: 2.659 Thread 0x000002862d0c1920 Thread added: 0x000002868f2c3c50
Event: 2.695 Thread 0x000002862d0c1920 Thread added: 0x000002868f2cb270


Dynamic libraries:
0x00007ff7750b0000 - 0x00007ff7750be000 	c:\Users\ŕäěłí\.vscode\extensions\redhat.java-1.53.0-win32-x64\jre\21.0.10-win32-x86_64\bin\java.exe
0x00007fff42470000 - 0x00007fff42668000 	C:\WINDOWS\SYSTEM32\ntdll.dll
0x00007fff41db0000 - 0x00007fff41e72000 	C:\WINDOWS\System32\KERNEL32.DLL
0x00007fff3fe40000 - 0x00007fff40136000 	C:\WINDOWS\System32\KERNELBASE.dll
0x00007fff40140000 - 0x00007fff40240000 	C:\WINDOWS\System32\ucrtbase.dll
0x00007fff3cf40000 - 0x00007fff3cf5e000 	c:\Users\ŕäěłí\.vscode\extensions\redhat.java-1.53.0-win32-x64\jre\21.0.10-win32-x86_64\bin\VCRUNTIME140.dll
0x00007fff31cd0000 - 0x00007fff31ce8000 	c:\Users\ŕäěłí\.vscode\extensions\redhat.java-1.53.0-win32-x64\jre\21.0.10-win32-x86_64\bin\jli.dll
0x00007fff41970000 - 0x00007fff41b11000 	C:\WINDOWS\System32\USER32.dll
0x00007fff2cd00000 - 0x00007fff2cf9b000 	C:\WINDOWS\WinSxS\amd64_microsoft.windows.common-controls_6595b64144ccf1df_6.0.19041.6456_none_60b8a6cb71f64256\COMCTL32.dll
0x00007fff3fde0000 - 0x00007fff3fe02000 	C:\WINDOWS\System32\win32u.dll
0x00007fff41e80000 - 0x00007fff41f1e000 	C:\WINDOWS\System32\msvcrt.dll
0x00007fff40c50000 - 0x00007fff40c7b000 	C:\WINDOWS\System32\GDI32.dll
0x00007fff402e0000 - 0x00007fff403f9000 	C:\WINDOWS\System32\gdi32full.dll
0x00007fff40240000 - 0x00007fff402dd000 	C:\WINDOWS\System32\msvcp_win.dll
0x00007fff40800000 - 0x00007fff4082f000 	C:\WINDOWS\System32\IMM32.DLL
0x00007fff3cf70000 - 0x00007fff3cf7c000 	c:\Users\ŕäěłí\.vscode\extensions\redhat.java-1.53.0-win32-x64\jre\21.0.10-win32-x86_64\bin\vcruntime140_1.dll
0x00007fff1ea50000 - 0x00007fff1eadd000 	c:\Users\ŕäěłí\.vscode\extensions\redhat.java-1.53.0-win32-x64\jre\21.0.10-win32-x86_64\bin\msvcp140.dll
0x00007fff09b20000 - 0x00007fff0a8c1000 	c:\Users\ŕäěłí\.vscode\extensions\redhat.java-1.53.0-win32-x64\jre\21.0.10-win32-x86_64\bin\server\jvm.dll
0x00007fff41c40000 - 0x00007fff41cf1000 	C:\WINDOWS\System32\ADVAPI32.dll
0x00007fff410f0000 - 0x00007fff4118f000 	C:\WINDOWS\System32\sechost.dll
0x00007fff40490000 - 0x00007fff405b0000 	C:\WINDOWS\System32\RPCRT4.dll
0x00007fff3fe10000 - 0x00007fff3fe37000 	C:\WINDOWS\System32\bcrypt.dll
0x00007fff41b20000 - 0x00007fff41b8b000 	C:\WINDOWS\System32\WS2_32.dll
0x00007fff3f190000 - 0x00007fff3f1db000 	C:\WINDOWS\SYSTEM32\POWRPROF.dll
0x00007fff37840000 - 0x00007fff37867000 	C:\WINDOWS\SYSTEM32\WINMM.dll
0x00007fff3a240000 - 0x00007fff3a24a000 	C:\WINDOWS\SYSTEM32\VERSION.dll
0x00007fff3f170000 - 0x00007fff3f182000 	C:\WINDOWS\SYSTEM32\UMPDC.dll
0x00007fff3d990000 - 0x00007fff3d9a2000 	C:\WINDOWS\SYSTEM32\kernel.appcore.dll
0x00007fff3c960000 - 0x00007fff3c96a000 	c:\Users\ŕäěłí\.vscode\extensions\redhat.java-1.53.0-win32-x64\jre\21.0.10-win32-x86_64\bin\jimage.dll
0x00007fff366f0000 - 0x00007fff368f1000 	C:\WINDOWS\SYSTEM32\DBGHELP.DLL
0x00007fff28140000 - 0x00007fff28174000 	C:\WINDOWS\SYSTEM32\dbgcore.DLL
0x00007fff40400000 - 0x00007fff40482000 	C:\WINDOWS\System32\bcryptPrimitives.dll
0x00007fff23df0000 - 0x00007fff23dff000 	c:\Users\ŕäěłí\.vscode\extensions\redhat.java-1.53.0-win32-x64\jre\21.0.10-win32-x86_64\bin\instrument.dll
0x00007fff1f840000 - 0x00007fff1f860000 	c:\Users\ŕäěłí\.vscode\extensions\redhat.java-1.53.0-win32-x64\jre\21.0.10-win32-x86_64\bin\java.dll
0x00007fff41190000 - 0x00007fff41900000 	C:\WINDOWS\System32\SHELL32.dll
0x00007fff3db90000 - 0x00007fff3e335000 	C:\WINDOWS\SYSTEM32\windows.storage.dll
0x00007fff408f0000 - 0x00007fff40c44000 	C:\WINDOWS\System32\combase.dll
0x00007fff3f530000 - 0x00007fff3f55b000 	C:\WINDOWS\SYSTEM32\Wldp.dll
0x00007fff406d0000 - 0x00007fff4079d000 	C:\WINDOWS\System32\OLEAUT32.dll
0x00007fff41b90000 - 0x00007fff41c3d000 	C:\WINDOWS\System32\SHCORE.dll
0x00007fff40830000 - 0x00007fff4088b000 	C:\WINDOWS\System32\shlwapi.dll
0x00007fff3fa30000 - 0x00007fff3fa54000 	C:\WINDOWS\SYSTEM32\profapi.dll
0x00007fff1e910000 - 0x00007fff1e928000 	c:\Users\ŕäěłí\.vscode\extensions\redhat.java-1.53.0-win32-x64\jre\21.0.10-win32-x86_64\bin\zip.dll
0x00007fff23de0000 - 0x00007fff23df0000 	C:\Users\ŕäěłí\.vscode\extensions\redhat.java-1.53.0-win32-x64\jre\21.0.10-win32-x86_64\bin\net.dll
0x00007fff398a0000 - 0x00007fff399aa000 	C:\WINDOWS\SYSTEM32\WINHTTP.dll
0x00007fff3f290000 - 0x00007fff3f2fa000 	C:\WINDOWS\system32\mswsock.dll
0x00007fff1e8f0000 - 0x00007fff1e906000 	C:\Users\ŕäěłí\.vscode\extensions\redhat.java-1.53.0-win32-x64\jre\21.0.10-win32-x86_64\bin\nio.dll
0x00007fff22f10000 - 0x00007fff22f20000 	c:\Users\ŕäěłí\.vscode\extensions\redhat.java-1.53.0-win32-x64\jre\21.0.10-win32-x86_64\bin\verify.dll
0x00007fff15f20000 - 0x00007fff15f65000 	C:\Users\ŕäěłí\AppData\Roaming\Code\User\globalStorage\redhat.java\1.53.0\config_win\org.eclipse.equinox.launcher\org.eclipse.equinox.launcher.win32.win32.x86_64_1.3.0.v20260203-2149\eclipse_11919.dll
0x00007fff42300000 - 0x00007fff4242b000 	C:\WINDOWS\System32\ole32.dll
0x00007fff3f480000 - 0x00007fff3f498000 	C:\WINDOWS\SYSTEM32\CRYPTSP.dll
0x00007fff3ead0000 - 0x00007fff3eb08000 	C:\WINDOWS\system32\rsaenh.dll
0x00007fff3f9b0000 - 0x00007fff3f9de000 	C:\WINDOWS\SYSTEM32\USERENV.dll
0x00007fff3f4a0000 - 0x00007fff3f4ac000 	C:\WINDOWS\SYSTEM32\CRYPTBASE.dll
0x00007fff3ef00000 - 0x00007fff3ef3b000 	C:\WINDOWS\SYSTEM32\IPHLPAPI.DLL
0x00007fff42210000 - 0x00007fff42218000 	C:\WINDOWS\System32\NSI.dll
0x00007fff14590000 - 0x00007fff145d9000 	C:\Users\ŕäěłí\AppData\Local\Temp\jna-1023146847\jna8465046977289589925.dll
0x00007fff41da0000 - 0x00007fff41da8000 	C:\WINDOWS\System32\PSAPI.DLL
0x00007fff3a770000 - 0x00007fff3a787000 	C:\WINDOWS\SYSTEM32\dhcpcsvc6.DLL
0x00007fff3a750000 - 0x00007fff3a76d000 	C:\WINDOWS\SYSTEM32\dhcpcsvc.DLL

JVMTI agents:
c:\Users\ŕäěłí\.vscode\extensions\redhat.java-1.53.0-win32-x64\lombok\lombok-1.18.39-4050.jar path:c:\Users\ŕäěłí\.vscode\extensions\redhat.java-1.53.0-win32-x64\jre\21.0.10-win32-x86_64\bin\instrument.dll, loaded, initialized, instrumentlib options:none

dbghelp: loaded successfully - version: 4.0.5 - missing functions: none
symbol engine: initialized successfully - sym options: 0x614 - pdb path: .;c:\Users\ŕäěłí\.vscode\extensions\redhat.java-1.53.0-win32-x64\jre\21.0.10-win32-x86_64\bin;C:\WINDOWS\SYSTEM32;C:\WINDOWS\WinSxS\amd64_microsoft.windows.common-controls_6595b64144ccf1df_6.0.19041.6456_none_60b8a6cb71f64256;c:\Users\ŕäěłí\.vscode\extensions\redhat.java-1.53.0-win32-x64\jre\21.0.10-win32-x86_64\bin\server;C:\Users\ŕäěłí\AppData\Roaming\Code\User\globalStorage\redhat.java\1.53.0\config_win\org.eclipse.equinox.launcher\org.eclipse.equinox.launcher.win32.win32.x86_64_1.3.0.v20260203-2149;C:\Users\ŕäěłí\AppData\Local\Temp\jna-1023146847

VM Arguments:
jvm_args: --add-modules=ALL-SYSTEM --add-opens=java.base/java.util=ALL-UNNAMED --add-opens=java.base/java.lang=ALL-UNNAMED --add-opens=java.base/sun.nio.fs=ALL-UNNAMED -Declipse.application=org.eclipse.jdt.ls.core.id1 -Dosgi.bundles.defaultStartLevel=4 -Declipse.product=org.eclipse.jdt.ls.core.product -Djava.import.generatesMetadataFilesAtProjectRoot=false -DDetectVMInstallationsJob.disabled=true -Dfile.encoding=utf8 -XX:+UseParallelGC -XX:GCTimeRatio=4 -XX:AdaptiveSizePolicyWeight=90 -Dsun.zip.disableMemoryMapping=true -Xmx2G -Xms100m -Xlog:disable -javaagent:c:\Users\ŕäěłí\.vscode\extensions\redhat.java-1.53.0-win32-x64\lombok\lombok-1.18.39-4050.jar -XX:+HeapDumpOnOutOfMemoryError -XX:HeapDumpPath=c:\Users\ŕäěłí\AppData\Roaming\Code\User\workspaceStorage\c2a74ca64570709d1ed0f6f8fec7687a\redhat.java -Daether.dependencyCollector.impl=bf 
java_command: c:\Users\ŕäěłí\.vscode\extensions\redhat.java-1.53.0-win32-x64\server\plugins\org.eclipse.equinox.launcher_1.7.100.v20251111-0406.jar -configuration c:\Users\ŕäěłí\AppData\Roaming\Code\User\globalStorage\redhat.java\1.53.0\config_win -data c:\Users\ŕäěłí\AppData\Roaming\Code\User\workspaceStorage\c2a74ca64570709d1ed0f6f8fec7687a\redhat.java\jdt_ws --pipe=\\.\pipe\lsp-4392ca4a3b44788aac4bb0b00b3033a9-sock
java_class_path (initial): c:\Users\ŕäěłí\.vscode\extensions\redhat.java-1.53.0-win32-x64\server\plugins\org.eclipse.equinox.launcher_1.7.100.v20251111-0406.jar
Launcher Type: SUN_STANDARD

[Global flags]
    uintx AdaptiveSizePolicyWeight                 = 90                                        {product} {command line}
     intx CICompilerCount                          = 4                                         {product} {ergonomic}
    uintx GCTimeRatio                              = 4                                         {product} {command line}
     bool HeapDumpOnOutOfMemoryError               = true                                   {manageable} {command line}
    ccstr HeapDumpPath                             = c:\Users\ŕäěłí\AppData\Roaming\Code\User\workspaceStorage\c2a74ca64570709d1ed0f6f8fec7687a\redhat.java         {manageable} {command line}
   size_t InitialHeapSize                          = 104857600                                 {product} {command line}
   size_t MaxHeapSize                              = 2147483648                                {product} {command line}
   size_t MaxNewSize                               = 715653120                                 {product} {ergonomic}
   size_t MinHeapDeltaBytes                        = 524288                                    {product} {ergonomic}
   size_t MinHeapSize                              = 104857600                                 {product} {command line}
   size_t NewSize                                  = 34603008                                  {product} {ergonomic}
    uintx NonNMethodCodeHeapSize                   = 5839372                                {pd product} {ergonomic}
    uintx NonProfiledCodeHeapSize                  = 122909434                              {pd product} {ergonomic}
   size_t OldSize                                  = 70254592                                  {product} {ergonomic}
    uintx ProfiledCodeHeapSize                     = 122909434                              {pd product} {ergonomic}
    uintx ReservedCodeCacheSize                    = 251658240                              {pd product} {ergonomic}
     bool SegmentedCodeCache                       = true                                      {product} {ergonomic}
   size_t SoftMaxHeapSize                          = 2147483648                             {manageable} {ergonomic}
     bool UseCompressedOops                        = true                           {product lp64_product} {ergonomic}
     bool UseLargePagesIndividualAllocation        = false                                  {pd product} {ergonomic}
     bool UseParallelGC                            = true                                      {product} {command line}

Logging:
Log output configuration:
 #0: stdout all=off uptime,level,tags foldmultilines=false
 #1: stderr all=off uptime,level,tags foldmultilines=false

Release file:
JAVA_VERSION="21.0.10" 
MODULES="java.base java.compiler java.datatransfer java.xml java.prefs java.desktop java.instrument java.logging java.management java.security.sasl java.naming java.rmi java.management.rmi java.net.http java.scripting java.security.jgss java.transaction.xa java.sql java.sql.rowset java.xml.crypto java.se java.smartcardio jdk.accessibility jdk.internal.jvmstat jdk.attach jdk.charsets jdk.internal.opt jdk.zipfs jdk.compiler jdk.crypto.ec jdk.crypto.cryptoki jdk.crypto.mscapi jdk.dynalink jdk.internal.ed jdk.editpad jdk.hotspot.agent jdk.httpserver jdk.internal.le jdk.internal.vm.ci jdk.internal.vm.compiler jdk.internal.vm.compiler.management jdk.jartool jdk.javadoc jdk.jcmd jdk.management jdk.management.agent jdk.jconsole jdk.jdeps jdk.jdwp.agent jdk.jdi jdk.jfr jdk.jshell jdk.jsobject jdk.jstatd jdk.localedata jdk.management.jfr jdk.naming.dns jdk.naming.rmi jdk.net jdk.nio.mapmode jdk.random jdk.sctp jdk.security.auth jdk.security.jgss jdk.unsupported jdk.unsupported.desktop jdk.xml.dom" 

Environment Variables:
PATH=C:\Program Files\Common Files\Oracle\Java\javapath;C:\Program Files (x86)\NVIDIA Corporation\PhysX\Common;C:\Program Files (x86)\Common Files\Oracle\Java\javapath;C:\WINDOWS\system32;C:\WINDOWS;C:\WINDOWS\System32\Wbem;C:\WINDOWS\System32\WindowsPowerShell\v1.0\;C:\WINDOWS\System32\OpenSSH\;E:\Programs\bin;C:\Program Files\dotnet\;C:\Program Files\Microsoft SQL Server\150\Tools\Binn\;C:\Program Files (x86)\Windows Kits\10\Windows Performance Toolkit\;E:\Programs\;C:\Program Files\MongoDB\Server\8.0\bin;C:\Program Files\MySQL\MySQL Server 8.0\bin;C:\Program Files\Git\cmd;C:\Users\ŕäěłí\AppData\Local\Programs\Python\Launcher\;C:\Program Files\MongoDB\Server\8.0\bin;E:\Programs\Microsoft VS Code\bin;C:\Users\ŕäěłí\.dotnet\tools;C:\Users\ŕäěłí\AppData\Local\GitHubDesktop\bin;C:\Users\ŕäěłí\AppData\Roaming\npm;;C:\Users\ŕäěłí\AppData\Local\Microsoft\WindowsApps
USERNAME=ŕäěłí
OS=Windows_NT
PROCESSOR_IDENTIFIER=AMD64 Family 23 Model 113 Stepping 0, AuthenticAMD
TMP=C:\Users\0E46~1\AppData\Local\Temp
TEMP=C:\Users\0E46~1\AppData\Local\Temp




Periodic native trim disabled

---------------  S Y S T E M  ---------------

OS:
 Windows 10 , 64 bit Build 19041 (10.0.19041.5915)
OS uptime: 1 days 10:58 hours

CPU: total 12 (initial active 12) (12 cores per cpu, 2 threads per core) family 23 model 113 stepping 0 microcode 0x0, cx8, cmov, fxsr, ht, mmx, 3dnowpref, sse, sse2, sse3, ssse3, sse4a, sse4.1, sse4.2, popcnt, lzcnt, tsc, tscinvbit, avx, avx2, aes, clmul, bmi1, bmi2, adx, sha, fma, vzeroupper, clflush, clflushopt, rdtscp, rdpid, f16c
Processor Information for the first 12 processors :
  Max Mhz: 3600, Current Mhz: 3600, Mhz Limit: 3600

Memory: 4k page, system-wide physical 16294M (5212M free)
TotalPageFile size 29606M (AvailPageFile size 8309M)
current process WorkingSet (physical memory assigned to process): 200M, peak: 206M
current process commit charge ("private bytes"): 329M, peak: 335M

vm_info: OpenJDK 64-Bit Server VM (21.0.10+7-LTS) for windows-amd64 JRE (21.0.10+7-LTS), built on 2026-01-20T00:00:00Z by "admin" with MS VC++ 17.12 (VS2022)

END.
